[2019-08-27 13:55:27 : INFO] - Could not find file for image: ID=301, file=/opt/bitnami/apps/wordpress/htdocs/wp-content/uploads/2019/05/cropped-Copy-of-Copy-of-new_logo-1.png 
[2019-08-27 13:55:27 : INFO] - Could not find file for image: ID=300, file=/opt/bitnami/apps/wordpress/htdocs/wp-content/uploads/2019/05/Copy-of-Copy-of-new_logo-1.png 
[2019-08-27 13:55:27 : INFO] - Could not find file for image: ID=298, file=/opt/bitnami/apps/wordpress/htdocs/wp-content/uploads/2019/05/new_logo.png 
[2019-08-27 13:55:27 : INFO] - Could not find file for image: ID=296, file=/opt/bitnami/apps/wordpress/htdocs/wp-content/uploads/2019/05/favicon1.png 
[2019-08-27 13:55:27 : INFO] - Could not find file for image: ID=294, file=/opt/bitnami/apps/wordpress/htdocs/wp-content/uploads/2019/05/favicon.png 
[2019-08-27 13:55:27 : INFO] - Could not find file for image: ID=285, file=/opt/bitnami/apps/wordpress/htdocs/wp-content/uploads/2019/05/logo_transparent-1-e1558653335766.png 
[2019-08-27 13:55:27 : INFO] - Could not find file for image: ID=284, file=/opt/bitnami/apps/wordpress/htdocs/wp-content/uploads/2019/05/cropped-logo_transparent.png 
[2019-08-27 13:55:27 : INFO] - Could not find file for image: ID=282, file=/opt/bitnami/apps/wordpress/htdocs/wp-content/uploads/2019/05/logo_transparent.png 
[2019-08-27 13:55:27 : INFO] - Could not find file for image: ID=280, file=/opt/bitnami/apps/wordpress/htdocs/wp-content/uploads/2019/05/logo.png 
[2019-08-27 13:55:27 : INFO] - Could not find file for image: ID=275, file=/opt/bitnami/apps/wordpress/htdocs/wp-content/uploads/2019/05/hero.jpg 
[2019-08-27 13:55:27 : INFO] - Could not find file for image: ID=194, file=/opt/bitnami/apps/wordpress/htdocs/wp-content/uploads/2017/03/iphone-1.png 
[2019-08-27 13:55:27 : INFO] - Could not find file for image: ID=191, file=/opt/bitnami/apps/wordpress/htdocs/wp-content/uploads/2017/03/hero7.jpg 
[2019-08-27 13:55:27 : INFO] - Could not find file for image: ID=190, file=/opt/bitnami/apps/wordpress/htdocs/wp-content/uploads/2017/03/iphone.png 
[2019-08-27 13:55:27 : INFO] - Could not find file for image: ID=188, file=/opt/bitnami/apps/wordpress/htdocs/wp-content/uploads/2017/03/avatar03.jpg 
[2019-08-27 13:55:27 : INFO] - Could not find file for image: ID=187, file=/opt/bitnami/apps/wordpress/htdocs/wp-content/uploads/2017/03/avatar02.jpg 
[2019-08-27 13:55:27 : INFO] - Could not find file for image: ID=186, file=/opt/bitnami/apps/wordpress/htdocs/wp-content/uploads/2017/03/avatar01.jpg 
[2019-08-27 13:55:27 : INFO] - Could not find file for image: ID=177, file=/opt/bitnami/apps/wordpress/htdocs/wp-content/uploads/2017/03/hero6.jpg 
[2019-08-27 13:55:27 : INFO] - Could not find file for image: ID=157, file=/opt/bitnami/apps/wordpress/htdocs/wp-content/uploads/2017/03/landing.jpg 
[2019-08-27 13:55:27 : INFO] - Could not find file for image: ID=118, file=/opt/bitnami/apps/wordpress/htdocs/wp-content/uploads/2017/03/nblog07.jpg 
[2019-08-27 13:55:27 : INFO] - Could not find file for image: ID=114, file=/opt/bitnami/apps/wordpress/htdocs/wp-content/uploads/2017/03/nblog06.jpg 
[2019-08-27 13:55:27 : INFO] - Could not find file for image: ID=111, file=/opt/bitnami/apps/wordpress/htdocs/wp-content/uploads/2017/03/nblog04.jpg 
[2019-08-27 13:55:27 : INFO] - Could not find file for image: ID=110, file=/opt/bitnami/apps/wordpress/htdocs/wp-content/uploads/2017/03/nblog03.jpg 
[2019-08-27 13:55:27 : INFO] - Could not find file for image: ID=108, file=/opt/bitnami/apps/wordpress/htdocs/wp-content/uploads/2017/03/nblog02.jpg 
[2019-08-27 13:55:27 : INFO] - Could not find file for image: ID=107, file=/opt/bitnami/apps/wordpress/htdocs/wp-content/uploads/2017/03/nblog01.jpg 
[2019-08-27 13:55:27 : INFO] - Could not find file for image: ID=87, file=/opt/bitnami/apps/wordpress/htdocs/wp-content/uploads/2017/03/hero4.jpg 
[2019-08-27 13:55:27 : INFO] - Could not find file for image: ID=86, file=/opt/bitnami/apps/wordpress/htdocs/wp-content/uploads/2017/03/hero3.jpg 
[2019-08-27 13:55:27 : INFO] - Could not find file for image: ID=84, file=/opt/bitnami/apps/wordpress/htdocs/wp-content/uploads/2017/03/hero2.jpg 
[2019-08-27 13:55:27 : INFO] - Could not find file for image: ID=73, file=/opt/bitnami/apps/wordpress/htdocs/wp-content/uploads/2017/03/specialty_logo_black.png 
[2019-08-27 13:55:27 : INFO] - Could not find file for image: ID=71, file=/opt/bitnami/apps/wordpress/htdocs/wp-content/uploads/2017/03/specialty_logo.png 
[2019-08-27 13:55:27 : INFO] - Could not find file for image: ID=51, file=/opt/bitnami/apps/wordpress/htdocs/wp-content/uploads/2017/03/hero.jpg 
[2019-08-27 13:55:27 : INFO] - Could not find file for image: ID=28, file=/opt/bitnami/apps/wordpress/htdocs/wp-content/uploads/2017/03/d_inc.jpg 
[2019-08-27 13:55:27 : INFO] - Could not find file for image: ID=25, file=/opt/bitnami/apps/wordpress/htdocs/wp-content/uploads/2017/03/c_inc.jpg 
[2019-08-27 13:55:27 : INFO] - Could not find file for image: ID=23, file=/opt/bitnami/apps/wordpress/htdocs/wp-content/uploads/2017/03/b_inc.jpg 
[2019-08-27 13:55:27 : INFO] - Could not find file for image: ID=21, file=/opt/bitnami/apps/wordpress/htdocs/wp-content/uploads/2017/03/a_inc.jpg 
[2019-08-27 13:55:27 : INFO] - Could not find file for image: ID=277, file=/opt/bitnami/apps/wordpress/htdocs/wp-content/uploads/2017/03/sample_image.png 
[2019-09-03 14:44:18 : INFO] - Could not find file for image: ID=301, file=/opt/bitnami/apps/wordpress/htdocs/wp-content/uploads/2019/05/cropped-Copy-of-Copy-of-new_logo-1.png 
[2019-09-03 14:44:18 : INFO] - Could not find file for image: ID=300, file=/opt/bitnami/apps/wordpress/htdocs/wp-content/uploads/2019/05/Copy-of-Copy-of-new_logo-1.png 
[2019-09-03 14:44:18 : INFO] - Could not find file for image: ID=298, file=/opt/bitnami/apps/wordpress/htdocs/wp-content/uploads/2019/05/new_logo.png 
[2019-09-03 14:44:18 : INFO] - Could not find file for image: ID=296, file=/opt/bitnami/apps/wordpress/htdocs/wp-content/uploads/2019/05/favicon1.png 
[2019-09-03 14:44:18 : INFO] - Could not find file for image: ID=294, file=/opt/bitnami/apps/wordpress/htdocs/wp-content/uploads/2019/05/favicon.png 
[2019-09-03 14:44:18 : INFO] - Could not find file for image: ID=285, file=/opt/bitnami/apps/wordpress/htdocs/wp-content/uploads/2019/05/logo_transparent-1-e1558653335766.png 
[2019-09-03 14:44:18 : INFO] - Could not find file for image: ID=284, file=/opt/bitnami/apps/wordpress/htdocs/wp-content/uploads/2019/05/cropped-logo_transparent.png 
[2019-09-03 14:44:18 : INFO] - Could not find file for image: ID=282, file=/opt/bitnami/apps/wordpress/htdocs/wp-content/uploads/2019/05/logo_transparent.png 
[2019-09-03 14:44:18 : INFO] - Could not find file for image: ID=280, file=/opt/bitnami/apps/wordpress/htdocs/wp-content/uploads/2019/05/logo.png 
[2019-09-03 14:44:18 : INFO] - Could not find file for image: ID=275, file=/opt/bitnami/apps/wordpress/htdocs/wp-content/uploads/2019/05/hero.jpg 
[2019-09-03 14:44:18 : INFO] - Could not find file for image: ID=194, file=/opt/bitnami/apps/wordpress/htdocs/wp-content/uploads/2017/03/iphone-1.png 
[2019-09-03 14:44:18 : INFO] - Could not find file for image: ID=191, file=/opt/bitnami/apps/wordpress/htdocs/wp-content/uploads/2017/03/hero7.jpg 
[2019-09-03 14:44:18 : INFO] - Could not find file for image: ID=190, file=/opt/bitnami/apps/wordpress/htdocs/wp-content/uploads/2017/03/iphone.png 
[2019-09-03 14:44:18 : INFO] - Could not find file for image: ID=188, file=/opt/bitnami/apps/wordpress/htdocs/wp-content/uploads/2017/03/avatar03.jpg 
[2019-09-03 14:44:18 : INFO] - Could not find file for image: ID=187, file=/opt/bitnami/apps/wordpress/htdocs/wp-content/uploads/2017/03/avatar02.jpg 
[2019-09-03 14:44:18 : INFO] - Could not find file for image: ID=186, file=/opt/bitnami/apps/wordpress/htdocs/wp-content/uploads/2017/03/avatar01.jpg 
[2019-09-03 14:44:18 : INFO] - Could not find file for image: ID=177, file=/opt/bitnami/apps/wordpress/htdocs/wp-content/uploads/2017/03/hero6.jpg 
[2019-09-03 14:44:18 : INFO] - Could not find file for image: ID=157, file=/opt/bitnami/apps/wordpress/htdocs/wp-content/uploads/2017/03/landing.jpg 
[2019-09-03 14:44:18 : INFO] - Could not find file for image: ID=118, file=/opt/bitnami/apps/wordpress/htdocs/wp-content/uploads/2017/03/nblog07.jpg 
[2019-09-03 14:44:18 : INFO] - Could not find file for image: ID=114, file=/opt/bitnami/apps/wordpress/htdocs/wp-content/uploads/2017/03/nblog06.jpg 
[2019-09-03 14:44:18 : INFO] - Could not find file for image: ID=111, file=/opt/bitnami/apps/wordpress/htdocs/wp-content/uploads/2017/03/nblog04.jpg 
[2019-09-03 14:44:18 : INFO] - Could not find file for image: ID=110, file=/opt/bitnami/apps/wordpress/htdocs/wp-content/uploads/2017/03/nblog03.jpg 
[2019-09-03 14:44:18 : INFO] - Could not find file for image: ID=108, file=/opt/bitnami/apps/wordpress/htdocs/wp-content/uploads/2017/03/nblog02.jpg 
[2019-09-03 14:44:18 : INFO] - Could not find file for image: ID=107, file=/opt/bitnami/apps/wordpress/htdocs/wp-content/uploads/2017/03/nblog01.jpg 
[2019-09-03 14:44:18 : INFO] - Could not find file for image: ID=87, file=/opt/bitnami/apps/wordpress/htdocs/wp-content/uploads/2017/03/hero4.jpg 
[2019-09-03 14:44:18 : INFO] - Could not find file for image: ID=86, file=/opt/bitnami/apps/wordpress/htdocs/wp-content/uploads/2017/03/hero3.jpg 
[2019-09-03 14:44:18 : INFO] - Could not find file for image: ID=84, file=/opt/bitnami/apps/wordpress/htdocs/wp-content/uploads/2017/03/hero2.jpg 
[2019-09-03 14:44:18 : INFO] - Could not find file for image: ID=73, file=/opt/bitnami/apps/wordpress/htdocs/wp-content/uploads/2017/03/specialty_logo_black.png 
[2019-09-03 14:44:18 : INFO] - Could not find file for image: ID=71, file=/opt/bitnami/apps/wordpress/htdocs/wp-content/uploads/2017/03/specialty_logo.png 
[2019-09-03 14:44:18 : INFO] - Could not find file for image: ID=51, file=/opt/bitnami/apps/wordpress/htdocs/wp-content/uploads/2017/03/hero.jpg 
[2019-09-03 14:44:18 : INFO] - Could not find file for image: ID=28, file=/opt/bitnami/apps/wordpress/htdocs/wp-content/uploads/2017/03/d_inc.jpg 
[2019-09-03 14:44:18 : INFO] - Could not find file for image: ID=25, file=/opt/bitnami/apps/wordpress/htdocs/wp-content/uploads/2017/03/c_inc.jpg 
[2019-09-03 14:44:18 : INFO] - Could not find file for image: ID=23, file=/opt/bitnami/apps/wordpress/htdocs/wp-content/uploads/2017/03/b_inc.jpg 
[2019-09-03 14:44:18 : INFO] - Could not find file for image: ID=21, file=/opt/bitnami/apps/wordpress/htdocs/wp-content/uploads/2017/03/a_inc.jpg 
[2019-09-03 14:44:18 : INFO] - Could not find file for image: ID=277, file=/opt/bitnami/apps/wordpress/htdocs/wp-content/uploads/2017/03/sample_image.png 
[2019-09-04 09:28:13 : INFO] - Could not find file for image: ID=301, file=/opt/bitnami/apps/wordpress/htdocs/wp-content/uploads/2019/05/cropped-Copy-of-Copy-of-new_logo-1.png 
[2019-09-04 09:28:13 : INFO] - Could not find file for image: ID=300, file=/opt/bitnami/apps/wordpress/htdocs/wp-content/uploads/2019/05/Copy-of-Copy-of-new_logo-1.png 
[2019-09-04 09:28:13 : INFO] - Could not find file for image: ID=298, file=/opt/bitnami/apps/wordpress/htdocs/wp-content/uploads/2019/05/new_logo.png 
[2019-09-04 09:28:13 : INFO] - Could not find file for image: ID=296, file=/opt/bitnami/apps/wordpress/htdocs/wp-content/uploads/2019/05/favicon1.png 
[2019-09-04 09:28:13 : INFO] - Could not find file for image: ID=294, file=/opt/bitnami/apps/wordpress/htdocs/wp-content/uploads/2019/05/favicon.png 
[2019-09-04 09:28:13 : INFO] - Could not find file for image: ID=285, file=/opt/bitnami/apps/wordpress/htdocs/wp-content/uploads/2019/05/logo_transparent-1-e1558653335766.png 
[2019-09-04 09:28:13 : INFO] - Could not find file for image: ID=284, file=/opt/bitnami/apps/wordpress/htdocs/wp-content/uploads/2019/05/cropped-logo_transparent.png 
[2019-09-04 09:28:13 : INFO] - Could not find file for image: ID=282, file=/opt/bitnami/apps/wordpress/htdocs/wp-content/uploads/2019/05/logo_transparent.png 
[2019-09-04 09:28:13 : INFO] - Could not find file for image: ID=280, file=/opt/bitnami/apps/wordpress/htdocs/wp-content/uploads/2019/05/logo.png 
[2019-09-04 09:28:13 : INFO] - Could not find file for image: ID=275, file=/opt/bitnami/apps/wordpress/htdocs/wp-content/uploads/2019/05/hero.jpg 
[2019-09-04 09:28:13 : INFO] - Could not find file for image: ID=194, file=/opt/bitnami/apps/wordpress/htdocs/wp-content/uploads/2017/03/iphone-1.png 
[2019-09-04 09:28:13 : INFO] - Could not find file for image: ID=191, file=/opt/bitnami/apps/wordpress/htdocs/wp-content/uploads/2017/03/hero7.jpg 
[2019-09-04 09:28:13 : INFO] - Could not find file for image: ID=190, file=/opt/bitnami/apps/wordpress/htdocs/wp-content/uploads/2017/03/iphone.png 
[2019-09-04 09:28:13 : INFO] - Could not find file for image: ID=188, file=/opt/bitnami/apps/wordpress/htdocs/wp-content/uploads/2017/03/avatar03.jpg 
[2019-09-04 09:28:13 : INFO] - Could not find file for image: ID=187, file=/opt/bitnami/apps/wordpress/htdocs/wp-content/uploads/2017/03/avatar02.jpg 
[2019-09-04 09:28:13 : INFO] - Could not find file for image: ID=186, file=/opt/bitnami/apps/wordpress/htdocs/wp-content/uploads/2017/03/avatar01.jpg 
[2019-09-04 09:28:13 : INFO] - Could not find file for image: ID=177, file=/opt/bitnami/apps/wordpress/htdocs/wp-content/uploads/2017/03/hero6.jpg 
[2019-09-04 09:28:13 : INFO] - Could not find file for image: ID=157, file=/opt/bitnami/apps/wordpress/htdocs/wp-content/uploads/2017/03/landing.jpg 
[2019-09-04 09:28:13 : INFO] - Could not find file for image: ID=118, file=/opt/bitnami/apps/wordpress/htdocs/wp-content/uploads/2017/03/nblog07.jpg 
[2019-09-04 09:28:13 : INFO] - Could not find file for image: ID=114, file=/opt/bitnami/apps/wordpress/htdocs/wp-content/uploads/2017/03/nblog06.jpg 
[2019-09-04 09:28:13 : INFO] - Could not find file for image: ID=111, file=/opt/bitnami/apps/wordpress/htdocs/wp-content/uploads/2017/03/nblog04.jpg 
[2019-09-04 09:28:13 : INFO] - Could not find file for image: ID=110, file=/opt/bitnami/apps/wordpress/htdocs/wp-content/uploads/2017/03/nblog03.jpg 
[2019-09-04 09:28:13 : INFO] - Could not find file for image: ID=108, file=/opt/bitnami/apps/wordpress/htdocs/wp-content/uploads/2017/03/nblog02.jpg 
[2019-09-04 09:28:13 : INFO] - Could not find file for image: ID=107, file=/opt/bitnami/apps/wordpress/htdocs/wp-content/uploads/2017/03/nblog01.jpg 
[2019-09-04 09:28:13 : INFO] - Could not find file for image: ID=87, file=/opt/bitnami/apps/wordpress/htdocs/wp-content/uploads/2017/03/hero4.jpg 
[2019-09-04 09:28:13 : INFO] - Could not find file for image: ID=86, file=/opt/bitnami/apps/wordpress/htdocs/wp-content/uploads/2017/03/hero3.jpg 
[2019-09-04 09:28:13 : INFO] - Could not find file for image: ID=84, file=/opt/bitnami/apps/wordpress/htdocs/wp-content/uploads/2017/03/hero2.jpg 
[2019-09-04 09:28:13 : INFO] - Could not find file for image: ID=73, file=/opt/bitnami/apps/wordpress/htdocs/wp-content/uploads/2017/03/specialty_logo_black.png 
[2019-09-04 09:28:13 : INFO] - Could not find file for image: ID=71, file=/opt/bitnami/apps/wordpress/htdocs/wp-content/uploads/2017/03/specialty_logo.png 
[2019-09-04 09:28:13 : INFO] - Could not find file for image: ID=51, file=/opt/bitnami/apps/wordpress/htdocs/wp-content/uploads/2017/03/hero.jpg 
[2019-09-04 09:28:13 : INFO] - Could not find file for image: ID=28, file=/opt/bitnami/apps/wordpress/htdocs/wp-content/uploads/2017/03/d_inc.jpg 
[2019-09-04 09:28:13 : INFO] - Could not find file for image: ID=25, file=/opt/bitnami/apps/wordpress/htdocs/wp-content/uploads/2017/03/c_inc.jpg 
[2019-09-04 09:28:13 : INFO] - Could not find file for image: ID=23, file=/opt/bitnami/apps/wordpress/htdocs/wp-content/uploads/2017/03/b_inc.jpg 
[2019-09-04 09:28:13 : INFO] - Could not find file for image: ID=21, file=/opt/bitnami/apps/wordpress/htdocs/wp-content/uploads/2017/03/a_inc.jpg 
[2019-09-04 09:28:13 : INFO] - Could not find file for image: ID=277, file=/opt/bitnami/apps/wordpress/htdocs/wp-content/uploads/2017/03/sample_image.png 
